<?xml version="1.0" encoding="UTF-8"?>
<!-- Generated by org.testng.reporters.JUnitReportReporter -->
<testsuite hostname="DESKTOP-5NT1E4C" failures="0" tests="1" name="com.training.sanity.tests.LoginTests" time="28.656" errors="0" timestamp="2020-10-17T19:03:37 IST" skipped="0">
  <testcase classname="com.training.sanity.tests.LoginTests" name="validLoginTest" time="28.656"/>
  <system-out/>
</testsuite> <!-- com.training.sanity.tests.LoginTests -->
