<?xml version="1.0" encoding="UTF-8"?>
<!-- Generated by org.testng.reporters.JUnitReportReporter -->
<testsuite hostname="DESKTOP-5NT1E4C" failures="0" tests="3" name="com.training.sanity.tests.Logintestmedium" time="50.803" errors="0" timestamp="2020-10-18T16:35:40 IST" skipped="0">
  <testcase classname="com.training.sanity.tests.Logintestmedium" name="Testcase1" time="0.617"/>
  <system-out/>
  <testcase classname="com.training.sanity.tests.Logintestmedium" name="Testcase2" time="29.832"/>
  <system-out/>
  <testcase classname="com.training.sanity.tests.Logintestmedium" name="Testcase3" time="20.354"/>
  <system-out/>
</testsuite> <!-- com.training.sanity.tests.Logintestmedium -->
