<?xml version="1.0" encoding="UTF-8"?>
<!-- Generated by org.testng.reporters.JUnitReportReporter -->
<testsuite hostname="DESKTOP-5NT1E4C" failures="0" tests="1" name="com.training.sanity.tests.Logintestfail_high" time="0.566" errors="0" timestamp="2020-10-17T22:35:56 IST" skipped="0">
  <testcase classname="com.training.sanity.tests.Logintestfail_high" name="Testcase1" time="0.566"/>
  <system-out/>
</testsuite> <!-- com.training.sanity.tests.Logintestfail_high -->
