<?xml version="1.0" encoding="UTF-8"?>
<!-- Generated by org.testng.reporters.JUnitReportReporter -->
<testsuite hostname="DESKTOP-5NT1E4C" failures="0" tests="1" name="com.training.sanity.tests.LoginTestlow" time="26.657" errors="0" timestamp="2020-10-17T22:38:59 IST" skipped="0">
  <testcase classname="com.training.sanity.tests.LoginTestlow" name="validLoginTest" time="26.657"/>
  <system-out/>
</testsuite> <!-- com.training.sanity.tests.LoginTestlow -->
